<?xml version="1.0" encoding="UTF-8"?>
<!-- Generated by org.testng.reporters.JUnitReportReporter -->
<testsuite hostname="DESKTOP-9QK7886" failures="0" tests="2" name="testcases.VerifyLogin" time="13.038" errors="0" timestamp="2022-05-02T15:29:30 IST" skipped="0">
  <testcase classname="testcases.VerifyLogin" name="enterCredentials" time="6.940"/>
  <system-out/>
  <testcase classname="testcases.VerifyLogin" name="enterCredentials" time="6.098"/>
  <system-out/>
</testsuite> <!-- testcases.VerifyLogin -->
