<?xml version="1.0" encoding="UTF-8"?>
<!-- Generated by org.testng.reporters.JUnitReportReporter -->
<testsuite hostname="DESKTOP-9QK7886" failures="0" tests="1" name="testcases.VerifySignup" time="14.581" errors="0" timestamp="2022-05-02T15:30:06 IST" skipped="0">
  <testcase classname="testcases.VerifySignup" name="signup" time="14.581"/>
  <system-out/>
</testsuite> <!-- testcases.VerifySignup -->
